6月 21, 2021 12:28:09 下午 io.github.yedaxia.apidocs.LogUtils info
信息: info: find java src paths:  [D:\beer123\src\main\java/]
6月 21, 2021 12:28:09 下午 io.github.yedaxia.apidocs.LogUtils info
信息: info: project type not set, try to figure out...
6月 21, 2021 12:28:09 下午 io.github.yedaxia.apidocs.LogUtils info
信息: info: start find controllers in path : D:\beer123\src\main\java/
6月 21, 2021 12:28:09 下午 io.github.yedaxia.apidocs.LogUtils info
信息: info: find controller file : UserController.java
6月 21, 2021 12:28:09 下午 io.github.yedaxia.apidocs.LogUtils info
信息: info: start to parse controller file : UserController.java
6月 21, 2021 12:28:09 下午 io.github.yedaxia.apidocs.LogUtils info
信息: info: success to parse controller file : UserController.java
6月 21, 2021 12:28:09 下午 io.github.yedaxia.apidocs.LogUtils info
信息: info: generate api docs start...
6月 21, 2021 12:28:09 下午 io.github.yedaxia.apidocs.LogUtils info
信息: info: start to generate docs for controller file : D:\beer123\src\main\java\com\swy\controller\UserController.java
6月 21, 2021 12:28:10 下午 io.github.yedaxia.apidocs.LogUtils info
信息: info: success to generate docs for controller file : D:\beer123\src\main\java\com\swy\controller\UserController.java
6月 21, 2021 12:28:10 下午 io.github.yedaxia.apidocs.LogUtils info
信息: info: generate index start !!!
6月 21, 2021 12:28:10 下午 io.github.yedaxia.apidocs.LogUtils info
信息: info: generate index done !!!
6月 21, 2021 12:28:10 下午 io.github.yedaxia.apidocs.LogUtils info
信息: info: generate api docs done !!!
